<?xml version="1.0" encoding="UTF-8"?>
<!-- Generated by org.testng.reporters.JUnitXMLReporter -->
<testsuite ignored="7" hostname="DESKTOP-4JKAPDL" failures="0" tests="1" name="Default test" time="4.933" errors="0" timestamp="2023-02-06T13:13:28 IST">
  <testcase classname="RestAssuredAssignement.GroceryStore" name="Add_to_cart" time="4.872"/>
  <testcase classname="RestAssuredAssignement.GroceryStore" name="get_cart" time="0.0">
    <ignored/>
  </testcase> <!-- get_cart -->
  <testcase classname="RestAssuredAssignement.GroceryStore" name="get_all" time="0.0">
    <ignored/>
  </testcase> <!-- get_all -->
  <testcase classname="RestAssuredAssignement.GroceryStore" name="update_quantity" time="0.0">
    <ignored/>
  </testcase> <!-- update_quantity -->
  <testcase classname="RestAssuredAssignement.GroceryStore" name="get_Status" time="0.0">
    <ignored/>
  </testcase> <!-- get_Status -->
  <testcase classname="RestAssuredAssignement.GroceryStore" name="get_cart_items" time="0.0">
    <ignored/>
  </testcase> <!-- get_cart_items -->
  <testcase classname="RestAssuredAssignement.GroceryStore" name="create_cart" time="0.0">
    <ignored/>
  </testcase> <!-- create_cart -->
  <testcase classname="RestAssuredAssignement.GroceryStore" name="single_Prodcut" time="0.0">
    <ignored/>
  </testcase> <!-- single_Prodcut -->
</testsuite> <!-- Default test -->
