<?xml version="1.0" encoding="UTF-8"?>
<testng-results ignored="7" total="8" passed="1" failed="0" skipped="0">
  <reporter-output>
  </reporter-output>
  <suite started-at="2023-02-06T13:13:23 IST" name="Default suite" finished-at="2023-02-06T13:13:28 IST" duration-ms="4933">
    <groups>
    </groups>
    <test started-at="2023-02-06T13:13:23 IST" name="Default test" finished-at="2023-02-06T13:13:28 IST" duration-ms="4933">
      <class name="RestAssuredAssignement.GroceryStore">
        <test-method signature="Add_to_cart()[pri:0, instance:RestAssuredAssignement.GroceryStore@74e52303]" started-at="2023-02-06T13:13:24 IST" name="Add_to_cart" finished-at="2023-02-06T13:13:28 IST" duration-ms="4872" status="PASS">
          <reporter-output>
          </reporter-output>
        </test-method> <!-- Add_to_cart -->
      </class> <!-- RestAssuredAssignement.GroceryStore -->
    </test> <!-- Default test -->
  </suite> <!-- Default suite -->
</testng-results>
